mobile/build/outputs/logs/manifest-merger-debug-report.txt
-- Merging decision tree log ---
manifest
ADDED from src/main/AndroidManifest.xml:17:1-130:12
	package
		ADDED from src/main/AndroidManifest.xml:19:5-39
		INJECTED from src/main/AndroidManifest.xml
		INJECTED from src/main/AndroidManifest.xml
	android:versionName
		INJECTED from src/main/AndroidManifest.xml
		INJECTED from src/main/AndroidManifest.xml
	xmlns:tools
		ADDED from src/main/AndroidManifest.xml:18:5-51
	xmlns:android
		ADDED from src/main/AndroidManifest.xml:17:11-69
	android:versionCode
		INJECTED from src/main/AndroidManifest.xml
		INJECTED from src/main/AndroidManifest.xml
uses-permission#android.permission.INTERNET
ADDED from src/main/AndroidManifest.xml:21:5-67
	android:name
		ADDED from src/main/AndroidManifest.xml:21:22-64
uses-permission#android.permission.WAKE_LOCK
ADDED from src/main/AndroidManifest.xml:22:5-68
	android:name
		ADDED from src/main/AndroidManifest.xml:22:22-65
uses-permission#android.permission.ACCESS_WIFI_STATE
ADDED from src/main/AndroidManifest.xml:23:5-76
	android:name
		ADDED from src/main/AndroidManifest.xml:23:22-73
uses-permission#android.permission.ACCESS_NETWORK_STATE
ADDED from src/main/AndroidManifest.xml:24:5-79
	android:name
		ADDED from src/main/AndroidManifest.xml:24:22-76
uses-feature#android.software.leanback
ADDED from src/main/AndroidManifest.xml:26:5-28:36
	android:required
		ADDED from src/main/AndroidManifest.xml:28:9-33
	android:name
		ADDED from src/main/AndroidManifest.xml:27:9-49
uses-feature#android.hardware.touchscreen
ADDED from src/main/AndroidManifest.xml:29:5-31:36
	android:required
		ADDED from src/main/AndroidManifest.xml:31:9-33
	android:name
		ADDED from src/main/AndroidManifest.xml:30:9-52
uses-sdk
ADDED from src/main/AndroidManifest.xml:32:5-34:41
MERGED from [com.google.android.gms:play-services-cast:7.0.0] AndroidManifest.xml:18:5-42
MERGED from [com.google.android.gms:play-services-base:7.0.0] AndroidManifest.xml:18:5-42
MERGED from [com.android.support:support-v4:22.0.0] AndroidManifest.xml:20:5-43
MERGED from [com.android.support:cardview-v7:22.0.0] AndroidManifest.xml:20:5-43
MERGED from [com.android.support:mediarouter-v7:22.0.0] AndroidManifest.xml:20:5-43
MERGED from [com.android.support:appcompat-v7:22.0.0] AndroidManifest.xml:20:5-43
MERGED from [:CastCompanionLibrary-debug:] AndroidManifest.xml:7:5-9:41
MERGED from [com.github.amlcurran.showcaseview:library:5.0.0] AndroidManifest.xml:7:5-9:41
MERGED from [com.chrisanderson.mediabrowsercompat:library:0.0.2] AndroidManifest.xml:7:5-9:41
	android:targetSdkVersion
		ADDED from src/main/AndroidManifest.xml:34:9-38
		INJECTED from src/main/AndroidManifest.xml
		INJECTED from src/main/AndroidManifest.xml
	android:minSdkVersion
		ADDED from src/main/AndroidManifest.xml:33:9-35
		INJECTED from src/main/AndroidManifest.xml
		INJECTED from src/main/AndroidManifest.xml
application
ADDED from src/main/AndroidManifest.xml:36:5-128:19
MERGED from [com.google.android.gms:play-services-cast:7.0.0] AndroidManifest.xml:19:5-20
MERGED from [com.google.android.gms:play-services-base:7.0.0] AndroidManifest.xml:20:5-24:19
MERGED from [com.android.support:support-v4:22.0.0] AndroidManifest.xml:22:5-20
MERGED from [com.android.support:cardview-v7:22.0.0] AndroidManifest.xml:22:5-20
MERGED from [com.android.support:mediarouter-v7:22.0.0] AndroidManifest.xml:22:5-20
MERGED from [com.android.support:appcompat-v7:22.0.0] AndroidManifest.xml:22:5-20
	android:label
		ADDED from src/main/AndroidManifest.xml:40:9-41
	android:allowBackup
		ADDED from src/main/AndroidManifest.xml:38:9-35
	android:icon
		ADDED from src/main/AndroidManifest.xml:39:9-45
	android:theme
		ADDED from src/main/AndroidManifest.xml:41:9-44
	android:name
		ADDED from src/main/AndroidManifest.xml:37:9-40
meta-data#com.google.android.gms.car.application
ADDED from src/main/AndroidManifest.xml:43:9-45:59
	android:resource
		ADDED from src/main/AndroidManifest.xml:45:13-56
	android:name
		ADDED from src/main/AndroidManifest.xml:44:13-66
meta-data#com.google.android.gms.version
ADDED from src/main/AndroidManifest.xml:46:9-48:69
MERGED from [com.google.android.gms:play-services-base:7.0.0] AndroidManifest.xml:21:9-23:69
	android:value
		ADDED from src/main/AndroidManifest.xml:48:13-66
	android:name
		ADDED from src/main/AndroidManifest.xml:47:13-58
activity#com.example.android.uamp.ui.MusicPlayerActivity
ADDED from src/main/AndroidManifest.xml:51:9-64:20
	android:label
		ADDED from src/main/AndroidManifest.xml:53:13-45
	android:name
		ADDED from src/main/AndroidManifest.xml:52:13-51
intent-filter#android.intent.action.MAIN+android.intent.category.LAUNCHER
ADDED from src/main/AndroidManifest.xml:54:13-57:29
action#android.intent.action.MAIN
ADDED from src/main/AndroidManifest.xml:55:17-69
	android:name
		ADDED from src/main/AndroidManifest.xml:55:25-66
category#android.intent.category.LAUNCHER
ADDED from src/main/AndroidManifest.xml:56:17-77
	android:name
		ADDED from src/main/AndroidManifest.xml:56:27-74
intent-filter#android.intent.category.DEFAULT+android.media.action.MEDIA_PLAY_FROM_SEARCH
ADDED from src/main/AndroidManifest.xml:60:13-63:29
action#android.media.action.MEDIA_PLAY_FROM_SEARCH
ADDED from src/main/AndroidManifest.xml:61:17-86
	android:name
		ADDED from src/main/AndroidManifest.xml:61:25-83
category#android.intent.category.DEFAULT
ADDED from src/main/AndroidManifest.xml:62:17-76
	android:name
		ADDED from src/main/AndroidManifest.xml:62:27-73
activity#com.example.android.uamp.ui.PlaceholderActivity
ADDED from src/main/AndroidManifest.xml:67:9-70:20
	android:label
		ADDED from src/main/AndroidManifest.xml:69:13-45
	android:name
		ADDED from src/main/AndroidManifest.xml:68:13-51
activity#com.example.android.uamp.ui.NowPlayingActivity
ADDED from src/main/AndroidManifest.xml:75:9-78:20
	android:icon
		ADDED from src/main/AndroidManifest.xml:77:13-49
	android:name
		ADDED from src/main/AndroidManifest.xml:76:13-50
meta-data#com.google.android.gms.car.notification.SmallIcon
ADDED from src/main/AndroidManifest.xml:85:9-87:60
	android:resource
		ADDED from src/main/AndroidManifest.xml:87:13-57
	android:name
		ADDED from src/main/AndroidManifest.xml:86:13-77
meta-data#com.google.android.gms.car.application.theme
ADDED from src/main/AndroidManifest.xml:94:9-96:50
	android:resource
		ADDED from src/main/AndroidManifest.xml:96:13-47
	android:name
		ADDED from src/main/AndroidManifest.xml:95:13-72
service#com.example.android.uamp.MusicService
ADDED from src/main/AndroidManifest.xml:101:9-108:19
	android:exported
		ADDED from src/main/AndroidManifest.xml:103:13-36
	tools:ignore
		ADDED from src/main/AndroidManifest.xml:104:13-43
	android:name
		ADDED from src/main/AndroidManifest.xml:102:13-41
intent-filter#android.media.browse.MediaBrowserServiceCompat
ADDED from src/main/AndroidManifest.xml:105:13-107:29
action#android.media.browse.MediaBrowserServiceCompat
ADDED from src/main/AndroidManifest.xml:106:17-89
	android:name
		ADDED from src/main/AndroidManifest.xml:106:25-86
receiver#com.example.android.uamp.MediaButtonReceiver
ADDED from src/main/AndroidManifest.xml:110:9-57
	android:name
		ADDED from src/main/AndroidManifest.xml:110:19-54
service#com.google.android.libraries.cast.companionlibrary.cast.reconnection.ReconnectionService
ADDED from src/main/AndroidManifest.xml:114:9-115:118
	android:name
		ADDED from src/main/AndroidManifest.xml:115:13-116
activity#com.example.android.uamp.ui.FullScreenPlayerActivity
ADDED from src/main/AndroidManifest.xml:119:9-127:20
	android:label
		ADDED from src/main/AndroidManifest.xml:121:13-45
	android:parentActivityName
		ADDED from src/main/AndroidManifest.xml:123:13-65
	android:launchMode
		ADDED from src/main/AndroidManifest.xml:122:13-43
	android:name
		ADDED from src/main/AndroidManifest.xml:120:13-56
meta-data#android.support.PARENT_ACTIVITY
ADDED from src/main/AndroidManifest.xml:124:13-126:58
	android:value
		ADDED from src/main/AndroidManifest.xml:126:17-56
	android:name
		ADDED from src/main/AndroidManifest.xml:125:17-63